Performing C++ SOURCE FILE Test CMAKE_HAVE_LIBC_PTHREAD failed with the following output:
Change Dir: /home/gallaann/AndroidStudioProjects/libs/spdlog/build/arm64-v8a/CMakeFiles/CMakeTmp

Run Build Command(s):/usr/bin/gmake -f Makefile cmTC_0708c/fast && /usr/bin/gmake  -f CMakeFiles/cmTC_0708c.dir/build.make CMakeFiles/cmTC_0708c.dir/build
gmake[1]: Entering directory '/home/gallaann/AndroidStudioProjects/libs/spdlog/build/arm64-v8a/CMakeFiles/CMakeTmp'
Building CXX object CMakeFiles/cmTC_0708c.dir/src.cxx.o
/home/gallaann/Android/Sdk/ndk/23.1.7779620/toolchains/llvm/prebuilt/linux-x86_64/bin/clang++ --target=aarch64-none-linux-android21 --sysroot=/home/gallaann/Android/Sdk/ndk/23.1.7779620/toolchains/llvm/prebuilt/linux-x86_64/sysroot -DCMAKE_HAVE_LIBC_PTHREAD  -DSPDLOG_COMPILED_LIB  -O2 -g -DNDEBUG -fPIE -std=c++11 -MD -MT CMakeFiles/cmTC_0708c.dir/src.cxx.o -MF CMakeFiles/cmTC_0708c.dir/src.cxx.o.d -o CMakeFiles/cmTC_0708c.dir/src.cxx.o -c /home/gallaann/AndroidStudioProjects/libs/spdlog/build/arm64-v8a/CMakeFiles/CMakeTmp/src.cxx
/home/gallaann/AndroidStudioProjects/libs/spdlog/build/arm64-v8a/CMakeFiles/CMakeTmp/src.cxx:13:3: error: use of undeclared identifier 'pthread_cancel'
  pthread_cancel(thread);
  ^
1 error generated.
gmake[1]: *** [CMakeFiles/cmTC_0708c.dir/build.make:79: CMakeFiles/cmTC_0708c.dir/src.cxx.o] Error 1
gmake[1]: Leaving directory '/home/gallaann/AndroidStudioProjects/libs/spdlog/build/arm64-v8a/CMakeFiles/CMakeTmp'
gmake: *** [Makefile:127: cmTC_0708c/fast] Error 2


Source file was:
#include <pthread.h>

static void* test_func(void* data)
{
  return data;
}

int main(void)
{
  pthread_t thread;
  pthread_create(&thread, NULL, test_func, NULL);
  pthread_detach(thread);
  pthread_cancel(thread);
  pthread_join(thread, NULL);
  pthread_atfork(NULL, NULL, NULL);
  pthread_exit(NULL);

  return 0;
}

Determining if the function pthread_create exists in the pthreads failed with the following output:
Change Dir: /home/gallaann/AndroidStudioProjects/libs/spdlog/build/arm64-v8a/CMakeFiles/CMakeTmp

Run Build Command(s):/usr/bin/gmake -f Makefile cmTC_7a298/fast && /usr/bin/gmake  -f CMakeFiles/cmTC_7a298.dir/build.make CMakeFiles/cmTC_7a298.dir/build
gmake[1]: Entering directory '/home/gallaann/AndroidStudioProjects/libs/spdlog/build/arm64-v8a/CMakeFiles/CMakeTmp'
Building CXX object CMakeFiles/cmTC_7a298.dir/CheckFunctionExists.cxx.o
/home/gallaann/Android/Sdk/ndk/23.1.7779620/toolchains/llvm/prebuilt/linux-x86_64/bin/clang++ --target=aarch64-none-linux-android21 --sysroot=/home/gallaann/Android/Sdk/ndk/23.1.7779620/toolchains/llvm/prebuilt/linux-x86_64/sysroot   -DSPDLOG_COMPILED_LIB -DCHECK_FUNCTION_EXISTS=pthread_create -O2 -g -DNDEBUG -fPIE -std=c++11 -MD -MT CMakeFiles/cmTC_7a298.dir/CheckFunctionExists.cxx.o -MF CMakeFiles/cmTC_7a298.dir/CheckFunctionExists.cxx.o.d -o CMakeFiles/cmTC_7a298.dir/CheckFunctionExists.cxx.o -c /home/gallaann/AndroidStudioProjects/libs/spdlog/build/arm64-v8a/CMakeFiles/CheckLibraryExists/CheckFunctionExists.cxx
Linking CXX executable cmTC_7a298
/home/gallaann/Android/Sdk/cmake/3.22.1/bin/cmake -E cmake_link_script CMakeFiles/cmTC_7a298.dir/link.txt --verbose=1
/home/gallaann/Android/Sdk/ndk/23.1.7779620/toolchains/llvm/prebuilt/linux-x86_64/bin/clang++ --target=aarch64-none-linux-android21 --sysroot=/home/gallaann/Android/Sdk/ndk/23.1.7779620/toolchains/llvm/prebuilt/linux-x86_64/sysroot -DSPDLOG_COMPILED_LIB -DCHECK_FUNCTION_EXISTS=pthread_create -O2 -g -DNDEBUG -Wl,--build-id=sha1 -Wl,--no-rosegment -Wl,--fatal-warnings -Qunused-arguments -Wl,--no-undefined  -Wl,--gc-sections  CMakeFiles/cmTC_7a298.dir/CheckFunctionExists.cxx.o -o cmTC_7a298  -lpthreads  -static-libstdc++ -latomic -lm 
ld: error: unable to find library -lpthreads
clang-12: error: linker command failed with exit code 1 (use -v to see invocation)
gmake[1]: *** [CMakeFiles/cmTC_7a298.dir/build.make:100: cmTC_7a298] Error 1
gmake[1]: Leaving directory '/home/gallaann/AndroidStudioProjects/libs/spdlog/build/arm64-v8a/CMakeFiles/CMakeTmp'
gmake: *** [Makefile:127: cmTC_7a298/fast] Error 2



Determining if the function pthread_create exists in the pthread failed with the following output:
Change Dir: /home/gallaann/AndroidStudioProjects/libs/spdlog/build/arm64-v8a/CMakeFiles/CMakeTmp

Run Build Command(s):/usr/bin/gmake -f Makefile cmTC_4f2dd/fast && /usr/bin/gmake  -f CMakeFiles/cmTC_4f2dd.dir/build.make CMakeFiles/cmTC_4f2dd.dir/build
gmake[1]: Entering directory '/home/gallaann/AndroidStudioProjects/libs/spdlog/build/arm64-v8a/CMakeFiles/CMakeTmp'
Building CXX object CMakeFiles/cmTC_4f2dd.dir/CheckFunctionExists.cxx.o
/home/gallaann/Android/Sdk/ndk/23.1.7779620/toolchains/llvm/prebuilt/linux-x86_64/bin/clang++ --target=aarch64-none-linux-android21 --sysroot=/home/gallaann/Android/Sdk/ndk/23.1.7779620/toolchains/llvm/prebuilt/linux-x86_64/sysroot   -DSPDLOG_COMPILED_LIB -DCHECK_FUNCTION_EXISTS=pthread_create -O2 -g -DNDEBUG -fPIE -std=c++11 -MD -MT CMakeFiles/cmTC_4f2dd.dir/CheckFunctionExists.cxx.o -MF CMakeFiles/cmTC_4f2dd.dir/CheckFunctionExists.cxx.o.d -o CMakeFiles/cmTC_4f2dd.dir/CheckFunctionExists.cxx.o -c /home/gallaann/AndroidStudioProjects/libs/spdlog/build/arm64-v8a/CMakeFiles/CheckLibraryExists/CheckFunctionExists.cxx
Linking CXX executable cmTC_4f2dd
/home/gallaann/Android/Sdk/cmake/3.22.1/bin/cmake -E cmake_link_script CMakeFiles/cmTC_4f2dd.dir/link.txt --verbose=1
/home/gallaann/Android/Sdk/ndk/23.1.7779620/toolchains/llvm/prebuilt/linux-x86_64/bin/clang++ --target=aarch64-none-linux-android21 --sysroot=/home/gallaann/Android/Sdk/ndk/23.1.7779620/toolchains/llvm/prebuilt/linux-x86_64/sysroot -DSPDLOG_COMPILED_LIB -DCHECK_FUNCTION_EXISTS=pthread_create -O2 -g -DNDEBUG -Wl,--build-id=sha1 -Wl,--no-rosegment -Wl,--fatal-warnings -Qunused-arguments -Wl,--no-undefined  -Wl,--gc-sections  CMakeFiles/cmTC_4f2dd.dir/CheckFunctionExists.cxx.o -o cmTC_4f2dd  -lpthread  -static-libstdc++ -latomic -lm 
ld: error: unable to find library -lpthread
clang-12: error: linker command failed with exit code 1 (use -v to see invocation)
gmake[1]: *** [CMakeFiles/cmTC_4f2dd.dir/build.make:100: cmTC_4f2dd] Error 1
gmake[1]: Leaving directory '/home/gallaann/AndroidStudioProjects/libs/spdlog/build/arm64-v8a/CMakeFiles/CMakeTmp'
gmake: *** [Makefile:127: cmTC_4f2dd/fast] Error 2



